<?xml version="1.0" encoding="UTF-8"?>
<!-- Generated by org.testng.reporters.JUnitReportReporter -->
<testsuite hostname="Manikandan" failures="0" tests="1" name="Cars.Lamborgini_Test" time="0.001" errors="0" timestamp="2024-11-19T11:48:47 IST" skipped="0">
  <testcase classname="Cars.Lamborgini_Test" name="launch" time="0.001"/>
  <system-out>
    <![CDATA[Lamborgini Test Executed]]>
  </system-out>
</testsuite> <!-- Cars.Lamborgini_Test -->
