<?xml version="1.0" encoding="UTF-8"?>
<!-- Generated by org.testng.reporters.JUnitReportReporter -->
<testsuite hostname="Manikandan" failures="0" tests="1" name="Cars.Audi_Test" time="0.005" errors="0" timestamp="2024-11-19T11:48:47 IST" skipped="0">
  <testcase classname="Cars.Audi_Test" name="Launch" time="0.005"/>
  <system-out>
    <![CDATA[Audi Test Executed]]>
  </system-out>
</testsuite> <!-- Cars.Audi_Test -->
